<?xml version="1.0" encoding="UTF-8"?>
<testsuite name="com.wscrg.springboot.HelloControllerTest" tests="2" skipped="0" failures="0" errors="0" timestamp="2021-06-17T19:51:36" hostname="LAPTOP-WSCRG" time="0.154">
  <properties/>
  <testcase name="hello가_리턴된다" classname="com.wscrg.springboot.HelloControllerTest" time="0.069"/>
  <testcase name="helloDto가_리턴된다" classname="com.wscrg.springboot.HelloControllerTest" time="0.084"/>
  <system-out><![CDATA[
  .   ____          _            __ _ _
 /\\ / ___'_ __ _ _(_)_ __  __ _ \ \ \ \
( ( )\___ | '_ | '_| | '_ \/ _` | \ \ \ \
 \\/  ___)| |_)| | | | | || (_| |  ) ) ) )
  '  |____| .__|_| |_|_| |_\__, | / / / /
 =========|_|==============|___/=/_/_/_/
 :: Spring Boot ::        (v2.2.0.RELEASE)

2021-06-18 04:51:35.441  INFO 17844 --- [    Test worker] c.wscrg.springboot.HelloControllerTest   : Starting HelloControllerTest on LAPTOP-WSCRG with PID 17844 (started by jo290 in E:\learn-spring-boot)
2021-06-18 04:51:35.442  INFO 17844 --- [    Test worker] c.wscrg.springboot.HelloControllerTest   : The following profiles are active: oauth
2021-06-18 04:51:35.855  INFO 17844 --- [    Test worker] o.s.s.concurrent.ThreadPoolTaskExecutor  : Initializing ExecutorService 'applicationTaskExecutor'
2021-06-18 04:51:35.884  INFO 17844 --- [    Test worker] o.s.b.a.w.s.WelcomePageHandlerMapping    : Adding welcome page template: index
2021-06-18 04:51:36.056  INFO 17844 --- [    Test worker] .s.s.UserDetailsServiceAutoConfiguration : 

Using generated security password: fef97477-616d-473b-b96c-fabca0e1fbc4

2021-06-18 04:51:36.179  INFO 17844 --- [    Test worker] o.s.s.web.DefaultSecurityFilterChain     : Creating filter chain: any request, [org.springframework.security.web.context.request.async.WebAsyncManagerIntegrationFilter@722ff78a, org.springframework.security.web.context.SecurityContextPersistenceFilter@1c55b49f, org.springframework.security.web.header.HeaderWriterFilter@75356944, org.springframework.security.web.csrf.CsrfFilter@301bf2cb, org.springframework.security.web.authentication.logout.LogoutFilter@291e770f, org.springframework.security.web.authentication.UsernamePasswordAuthenticationFilter@263cadc0, org.springframework.security.web.authentication.ui.DefaultLoginPageGeneratingFilter@7b455269, org.springframework.security.web.authentication.ui.DefaultLogoutPageGeneratingFilter@5eddda72, org.springframework.security.web.authentication.www.BasicAuthenticationFilter@20bcba8, org.springframework.security.web.savedrequest.RequestCacheAwareFilter@3c492ecf, org.springframework.security.web.servletapi.SecurityContextHolderAwareRequestFilter@62681f4b, org.springframework.security.web.authentication.AnonymousAuthenticationFilter@2570c8a, org.springframework.security.web.session.SessionManagementFilter@5898259a, org.springframework.security.web.access.ExceptionTranslationFilter@1ad75d7f, org.springframework.security.web.access.intercept.FilterSecurityInterceptor@5ff806cd]
2021-06-18 04:51:36.227  INFO 17844 --- [    Test worker] o.s.b.t.m.w.SpringBootMockServletContext : Initializing Spring TestDispatcherServlet ''
2021-06-18 04:51:36.227  INFO 17844 --- [    Test worker] o.s.t.web.servlet.TestDispatcherServlet  : Initializing Servlet ''
2021-06-18 04:51:36.241  INFO 17844 --- [    Test worker] o.s.t.web.servlet.TestDispatcherServlet  : Completed initialization in 14 ms
2021-06-18 04:51:36.255  INFO 17844 --- [    Test worker] c.wscrg.springboot.HelloControllerTest   : Started HelloControllerTest in 0.866 seconds (JVM running for 9.05)
]]></system-out>
  <system-err><![CDATA[]]></system-err>
</testsuite>
