<?xml version="1.0" encoding="UTF-8"?>
<testsuite name="com.wscrg.springboot.web.IndexControllerTest" tests="1" skipped="0" failures="0" errors="0" timestamp="2021-06-17T19:51:38" hostname="LAPTOP-WSCRG" time="0.2">
  <properties/>
  <testcase name="메인페이지_로딩" classname="com.wscrg.springboot.web.IndexControllerTest" time="0.2"/>
  <system-out><![CDATA[
  .   ____          _            __ _ _
 /\\ / ___'_ __ _ _(_)_ __  __ _ \ \ \ \
( ( )\___ | '_ | '_| | '_ \/ _` | \ \ \ \
 \\/  ___)| |_)| | | | | || (_| |  ) ) ) )
  '  |____| .__|_| |_|_| |_\__, | / / / /
 =========|_|==============|___/=/_/_/_/
 :: Spring Boot ::        (v2.2.0.RELEASE)

2021-06-18 04:51:36.458  INFO 17844 --- [    Test worker] c.w.springboot.web.IndexControllerTest   : Starting IndexControllerTest on LAPTOP-WSCRG with PID 17844 (started by jo290 in E:\learn-spring-boot)
2021-06-18 04:51:36.458  INFO 17844 --- [    Test worker] c.w.springboot.web.IndexControllerTest   : The following profiles are active: oauth
2021-06-18 04:51:36.677  INFO 17844 --- [    Test worker] .s.d.r.c.RepositoryConfigurationDelegate : Bootstrapping Spring Data repositories in DEFAULT mode.
2021-06-18 04:51:36.709  INFO 17844 --- [    Test worker] .s.d.r.c.RepositoryConfigurationDelegate : Finished Spring Data repository scanning in 31ms. Found 2 repository interfaces.
2021-06-18 04:51:36.845  INFO 17844 --- [    Test worker] trationDelegate$BeanPostProcessorChecker : Bean 'org.springframework.transaction.annotation.ProxyTransactionManagementConfiguration' of type [org.springframework.transaction.annotation.ProxyTransactionManagementConfiguration] is not eligible for getting processed by all BeanPostProcessors (for example: not eligible for auto-proxying)
2021-06-18 04:51:37.107  INFO 17844 --- [    Test worker] o.s.b.w.embedded.tomcat.TomcatWebServer  : Tomcat initialized with port(s): 0 (http)
2021-06-18 04:51:37.119  INFO 17844 --- [    Test worker] o.apache.catalina.core.StandardService   : Starting service [Tomcat]
2021-06-18 04:51:37.120  INFO 17844 --- [    Test worker] org.apache.catalina.core.StandardEngine  : Starting Servlet engine: [Apache Tomcat/9.0.27]
2021-06-18 04:51:37.339  INFO 17844 --- [    Test worker] o.a.c.c.C.[Tomcat].[localhost].[/]       : Initializing Spring embedded WebApplicationContext
2021-06-18 04:51:37.340  INFO 17844 --- [    Test worker] o.s.web.context.ContextLoader            : Root WebApplicationContext: initialization completed in 879 ms
2021-06-18 04:51:37.394  INFO 17844 --- [    Test worker] com.zaxxer.hikari.HikariDataSource       : HikariPool-2 - Starting...
2021-06-18 04:51:37.396  INFO 17844 --- [    Test worker] com.zaxxer.hikari.HikariDataSource       : HikariPool-2 - Start completed.
2021-06-18 04:51:37.396  INFO 17844 --- [    Test worker] o.s.b.a.h2.H2ConsoleAutoConfiguration    : H2 console available at '/h2-console'. Database available at 'jdbc:h2:mem:testdb'
2021-06-18 04:51:37.596  INFO 17844 --- [    Test worker] o.hibernate.jpa.internal.util.LogHelper  : HHH000204: Processing PersistenceUnitInfo [name: default]
2021-06-18 04:51:37.604  INFO 17844 --- [    Test worker] org.hibernate.dialect.Dialect            : HHH000400: Using dialect: org.hibernate.dialect.MySQL5InnoDBDialect
Hibernate: drop table if exists posts
Hibernate: drop table if exists user
Hibernate: create table posts (id bigint not null auto_increment, created_date datetime, modified_date datetime, author varchar(255), content TEXT not null, title varchar(500) not null, primary key (id)) engine=InnoDB
Hibernate: create table user (id bigint not null auto_increment, created_date datetime, modified_date datetime, email varchar(255) not null, name varchar(255) not null, picture varchar(255), role varchar(255) not null, primary key (id)) engine=InnoDB
2021-06-18 04:51:37.683  INFO 17844 --- [    Test worker] o.h.e.t.j.p.i.JtaPlatformInitiator       : HHH000490: Using JtaPlatform implementation: [org.hibernate.engine.transaction.jta.platform.internal.NoJtaPlatform]
2021-06-18 04:51:37.684  INFO 17844 --- [    Test worker] j.LocalContainerEntityManagerFactoryBean : Initialized JPA EntityManagerFactory for persistence unit 'default'
2021-06-18 04:51:38.025  WARN 17844 --- [    Test worker] JpaBaseConfiguration$JpaWebConfiguration : spring.jpa.open-in-view is enabled by default. Therefore, database queries may be performed during view rendering. Explicitly configure spring.jpa.open-in-view to disable this warning
2021-06-18 04:51:38.232  INFO 17844 --- [    Test worker] o.s.s.web.DefaultSecurityFilterChain     : Creating filter chain: any request, [org.springframework.security.web.context.request.async.WebAsyncManagerIntegrationFilter@5ca63b3e, org.springframework.security.web.context.SecurityContextPersistenceFilter@32524b4b, org.springframework.security.web.header.HeaderWriterFilter@4fb189bb, org.springframework.security.web.authentication.logout.LogoutFilter@7477cc8, org.springframework.security.oauth2.client.web.OAuth2AuthorizationRequestRedirectFilter@71ab63cf, org.springframework.security.oauth2.client.web.OAuth2LoginAuthenticationFilter@4a41fedc, org.springframework.security.web.authentication.ui.DefaultLoginPageGeneratingFilter@40e69778, org.springframework.security.web.authentication.ui.DefaultLogoutPageGeneratingFilter@9ceb750, org.springframework.security.web.savedrequest.RequestCacheAwareFilter@2af9a2f7, org.springframework.security.web.servletapi.SecurityContextHolderAwareRequestFilter@69461a42, org.springframework.security.web.authentication.AnonymousAuthenticationFilter@23d108bd, org.springframework.security.web.session.SessionManagementFilter@705c18b, org.springframework.security.web.access.ExceptionTranslationFilter@2c569cba, org.springframework.security.web.access.intercept.FilterSecurityInterceptor@8c672f4]
2021-06-18 04:51:38.351  INFO 17844 --- [    Test worker] o.s.s.concurrent.ThreadPoolTaskExecutor  : Initializing ExecutorService 'applicationTaskExecutor'
2021-06-18 04:51:38.382  INFO 17844 --- [    Test worker] o.s.b.a.w.s.WelcomePageHandlerMapping    : Adding welcome page template: index
2021-06-18 04:51:38.568  INFO 17844 --- [    Test worker] s.a.ScheduledAnnotationBeanPostProcessor : No TaskScheduler/ScheduledExecutorService bean found for scheduled processing
2021-06-18 04:51:38.587  INFO 17844 --- [    Test worker] o.s.b.w.embedded.tomcat.TomcatWebServer  : Tomcat started on port(s): 8038 (http) with context path ''
2021-06-18 04:51:38.589  INFO 17844 --- [    Test worker] c.w.springboot.web.IndexControllerTest   : Started IndexControllerTest in 2.17 seconds (JVM running for 11.385)
2021-06-18 04:51:38.687  INFO 17844 --- [o-auto-1-exec-1] o.a.c.c.C.[Tomcat].[localhost].[/]       : Initializing Spring DispatcherServlet 'dispatcherServlet'
2021-06-18 04:51:38.687  INFO 17844 --- [o-auto-1-exec-1] o.s.web.servlet.DispatcherServlet        : Initializing Servlet 'dispatcherServlet'
2021-06-18 04:51:38.707  INFO 17844 --- [o-auto-1-exec-1] o.s.web.servlet.DispatcherServlet        : Completed initialization in 19 ms
Hibernate: select posts0_.id as id1_0_, posts0_.created_date as created_2_0_, posts0_.modified_date as modified3_0_, posts0_.author as author4_0_, posts0_.content as content5_0_, posts0_.title as title6_0_ from posts posts0_ order by posts0_.id DESC
]]></system-out>
  <system-err><![CDATA[]]></system-err>
</testsuite>
