<?xml version="1.0" encoding="UTF-8"?>
<testsuite name="com.wscrg.springboot.web.IndexControllerTest" tests="1" skipped="0" failures="0" errors="0" timestamp="2021-06-17T17:49:46" hostname="LAPTOP-WSCRG" time="0.225">
  <properties/>
  <testcase name="메인페이지_로딩" classname="com.wscrg.springboot.web.IndexControllerTest" time="0.225"/>
  <system-out><![CDATA[
  .   ____          _            __ _ _
 /\\ / ___'_ __ _ _(_)_ __  __ _ \ \ \ \
( ( )\___ | '_ | '_| | '_ \/ _` | \ \ \ \
 \\/  ___)| |_)| | | | | || (_| |  ) ) ) )
  '  |____| .__|_| |_|_| |_\__, | / / / /
 =========|_|==============|___/=/_/_/_/
 :: Spring Boot ::        (v2.2.0.RELEASE)

2021-06-18 02:49:44.029  INFO 21836 --- [    Test worker] c.w.springboot.web.IndexControllerTest   : Starting IndexControllerTest on LAPTOP-WSCRG with PID 21836 (started by jo290 in E:\learn-spring-boot)
2021-06-18 02:49:44.029  INFO 21836 --- [    Test worker] c.w.springboot.web.IndexControllerTest   : The following profiles are active: oauth
2021-06-18 02:49:44.275  INFO 21836 --- [    Test worker] .s.d.r.c.RepositoryConfigurationDelegate : Bootstrapping Spring Data repositories in DEFAULT mode.
2021-06-18 02:49:44.297  INFO 21836 --- [    Test worker] .s.d.r.c.RepositoryConfigurationDelegate : Finished Spring Data repository scanning in 20ms. Found 2 repository interfaces.
2021-06-18 02:49:44.410  INFO 21836 --- [    Test worker] trationDelegate$BeanPostProcessorChecker : Bean 'org.springframework.transaction.annotation.ProxyTransactionManagementConfiguration' of type [org.springframework.transaction.annotation.ProxyTransactionManagementConfiguration] is not eligible for getting processed by all BeanPostProcessors (for example: not eligible for auto-proxying)
2021-06-18 02:49:44.664  INFO 21836 --- [    Test worker] o.s.b.w.embedded.tomcat.TomcatWebServer  : Tomcat initialized with port(s): 0 (http)
2021-06-18 02:49:44.677  INFO 21836 --- [    Test worker] o.apache.catalina.core.StandardService   : Starting service [Tomcat]
2021-06-18 02:49:44.678  INFO 21836 --- [    Test worker] org.apache.catalina.core.StandardEngine  : Starting Servlet engine: [Apache Tomcat/9.0.27]
2021-06-18 02:49:44.900  INFO 21836 --- [    Test worker] o.a.c.c.C.[Tomcat].[localhost].[/]       : Initializing Spring embedded WebApplicationContext
2021-06-18 02:49:44.900  INFO 21836 --- [    Test worker] o.s.web.context.ContextLoader            : Root WebApplicationContext: initialization completed in 867 ms
2021-06-18 02:49:44.958  INFO 21836 --- [    Test worker] com.zaxxer.hikari.HikariDataSource       : HikariPool-2 - Starting...
2021-06-18 02:49:44.960  INFO 21836 --- [    Test worker] com.zaxxer.hikari.HikariDataSource       : HikariPool-2 - Start completed.
2021-06-18 02:49:44.960  INFO 21836 --- [    Test worker] o.s.b.a.h2.H2ConsoleAutoConfiguration    : H2 console available at '/h2-console'. Database available at 'jdbc:h2:mem:testdb'
2021-06-18 02:49:45.141  INFO 21836 --- [    Test worker] o.hibernate.jpa.internal.util.LogHelper  : HHH000204: Processing PersistenceUnitInfo [name: default]
2021-06-18 02:49:45.147  INFO 21836 --- [    Test worker] org.hibernate.dialect.Dialect            : HHH000400: Using dialect: org.hibernate.dialect.MySQL5InnoDBDialect
Hibernate: drop table if exists posts
Hibernate: drop table if exists user
Hibernate: create table posts (id bigint not null auto_increment, created_date datetime, modified_date datetime, author varchar(255), content TEXT not null, title varchar(500) not null, primary key (id)) engine=InnoDB
Hibernate: create table user (id bigint not null auto_increment, created_date datetime, modified_date datetime, email varchar(255) not null, name varchar(255) not null, picture varchar(255), role varchar(255) not null, primary key (id)) engine=InnoDB
2021-06-18 02:49:45.206  INFO 21836 --- [    Test worker] o.h.e.t.j.p.i.JtaPlatformInitiator       : HHH000490: Using JtaPlatform implementation: [org.hibernate.engine.transaction.jta.platform.internal.NoJtaPlatform]
2021-06-18 02:49:45.206  INFO 21836 --- [    Test worker] j.LocalContainerEntityManagerFactoryBean : Initialized JPA EntityManagerFactory for persistence unit 'default'
2021-06-18 02:49:45.498  WARN 21836 --- [    Test worker] JpaBaseConfiguration$JpaWebConfiguration : spring.jpa.open-in-view is enabled by default. Therefore, database queries may be performed during view rendering. Explicitly configure spring.jpa.open-in-view to disable this warning
2021-06-18 02:49:45.673  INFO 21836 --- [    Test worker] o.s.s.web.DefaultSecurityFilterChain     : Creating filter chain: any request, [org.springframework.security.web.context.request.async.WebAsyncManagerIntegrationFilter@47f66a22, org.springframework.security.web.context.SecurityContextPersistenceFilter@3340c52d, org.springframework.security.web.header.HeaderWriterFilter@453a9a36, org.springframework.security.web.authentication.logout.LogoutFilter@6152158c, org.springframework.security.oauth2.client.web.OAuth2AuthorizationRequestRedirectFilter@5eac3f60, org.springframework.security.oauth2.client.web.OAuth2LoginAuthenticationFilter@3b692e0c, org.springframework.security.web.authentication.ui.DefaultLoginPageGeneratingFilter@38830682, org.springframework.security.web.authentication.ui.DefaultLogoutPageGeneratingFilter@63c36629, org.springframework.security.web.savedrequest.RequestCacheAwareFilter@44250895, org.springframework.security.web.servletapi.SecurityContextHolderAwareRequestFilter@55dfc10d, org.springframework.security.web.authentication.AnonymousAuthenticationFilter@5c2b120e, org.springframework.security.web.session.SessionManagementFilter@74533c48, org.springframework.security.web.access.ExceptionTranslationFilter@39e8199, org.springframework.security.web.access.intercept.FilterSecurityInterceptor@40b4b293]
2021-06-18 02:49:45.807  INFO 21836 --- [    Test worker] o.s.s.concurrent.ThreadPoolTaskExecutor  : Initializing ExecutorService 'applicationTaskExecutor'
2021-06-18 02:49:45.839  INFO 21836 --- [    Test worker] o.s.b.a.w.s.WelcomePageHandlerMapping    : Adding welcome page template: index
2021-06-18 02:49:46.015  INFO 21836 --- [    Test worker] s.a.ScheduledAnnotationBeanPostProcessor : No TaskScheduler/ScheduledExecutorService bean found for scheduled processing
2021-06-18 02:49:46.037  INFO 21836 --- [    Test worker] o.s.b.w.embedded.tomcat.TomcatWebServer  : Tomcat started on port(s): 14199 (http) with context path ''
2021-06-18 02:49:46.038  INFO 21836 --- [    Test worker] c.w.springboot.web.IndexControllerTest   : Started IndexControllerTest in 2.064 seconds (JVM running for 11.35)
2021-06-18 02:49:46.167  INFO 21836 --- [o-auto-1-exec-1] o.a.c.c.C.[Tomcat].[localhost].[/]       : Initializing Spring DispatcherServlet 'dispatcherServlet'
2021-06-18 02:49:46.168  INFO 21836 --- [o-auto-1-exec-1] o.s.web.servlet.DispatcherServlet        : Initializing Servlet 'dispatcherServlet'
2021-06-18 02:49:46.189  INFO 21836 --- [o-auto-1-exec-1] o.s.web.servlet.DispatcherServlet        : Completed initialization in 21 ms
Hibernate: select posts0_.id as id1_0_, posts0_.created_date as created_2_0_, posts0_.modified_date as modified3_0_, posts0_.author as author4_0_, posts0_.content as content5_0_, posts0_.title as title6_0_ from posts posts0_ order by posts0_.id DESC
]]></system-out>
  <system-err><![CDATA[]]></system-err>
</testsuite>
