<?xml version="1.0" encoding="UTF-8"?>
<testsuite name="com.wscrg.springboot.HelloControllerTest" tests="2" skipped="0" failures="0" errors="0" timestamp="2021-06-17T17:49:43" hostname="LAPTOP-WSCRG" time="0.166">
  <properties/>
  <testcase name="hello가_리턴된다" classname="com.wscrg.springboot.HelloControllerTest" time="0.082"/>
  <testcase name="helloDto가_리턴된다" classname="com.wscrg.springboot.HelloControllerTest" time="0.083"/>
  <system-out><![CDATA[
  .   ____          _            __ _ _
 /\\ / ___'_ __ _ _(_)_ __  __ _ \ \ \ \
( ( )\___ | '_ | '_| | '_ \/ _` | \ \ \ \
 \\/  ___)| |_)| | | | | || (_| |  ) ) ) )
  '  |____| .__|_| |_|_| |_\__, | / / / /
 =========|_|==============|___/=/_/_/_/
 :: Spring Boot ::        (v2.2.0.RELEASE)

2021-06-18 02:49:42.993  INFO 21836 --- [    Test worker] c.wscrg.springboot.HelloControllerTest   : Starting HelloControllerTest on LAPTOP-WSCRG with PID 21836 (started by jo290 in E:\learn-spring-boot)
2021-06-18 02:49:42.994  INFO 21836 --- [    Test worker] c.wscrg.springboot.HelloControllerTest   : The following profiles are active: oauth
2021-06-18 02:49:43.394  INFO 21836 --- [    Test worker] o.s.s.concurrent.ThreadPoolTaskExecutor  : Initializing ExecutorService 'applicationTaskExecutor'
2021-06-18 02:49:43.423  INFO 21836 --- [    Test worker] o.s.b.a.w.s.WelcomePageHandlerMapping    : Adding welcome page template: index
2021-06-18 02:49:43.589  INFO 21836 --- [    Test worker] .s.s.UserDetailsServiceAutoConfiguration : 

Using generated security password: 2cd9a28b-b055-4384-ae84-8ed1f7d60ab7

2021-06-18 02:49:43.725  INFO 21836 --- [    Test worker] o.s.s.web.DefaultSecurityFilterChain     : Creating filter chain: any request, [org.springframework.security.web.context.request.async.WebAsyncManagerIntegrationFilter@37b56c09, org.springframework.security.web.context.SecurityContextPersistenceFilter@2a44fbee, org.springframework.security.web.header.HeaderWriterFilter@2acca48b, org.springframework.security.web.csrf.CsrfFilter@7c46d7a7, org.springframework.security.web.authentication.logout.LogoutFilter@34162183, org.springframework.security.web.authentication.UsernamePasswordAuthenticationFilter@243021e9, org.springframework.security.web.authentication.ui.DefaultLoginPageGeneratingFilter@730fbb46, org.springframework.security.web.authentication.ui.DefaultLogoutPageGeneratingFilter@4f605e2d, org.springframework.security.web.authentication.www.BasicAuthenticationFilter@7db912da, org.springframework.security.web.savedrequest.RequestCacheAwareFilter@2752b9b6, org.springframework.security.web.servletapi.SecurityContextHolderAwareRequestFilter@68f5b92b, org.springframework.security.web.authentication.AnonymousAuthenticationFilter@7a7abad9, org.springframework.security.web.session.SessionManagementFilter@3755968d, org.springframework.security.web.access.ExceptionTranslationFilter@607dbccc, org.springframework.security.web.access.intercept.FilterSecurityInterceptor@841cb24]
2021-06-18 02:49:43.769  INFO 21836 --- [    Test worker] o.s.b.t.m.w.SpringBootMockServletContext : Initializing Spring TestDispatcherServlet ''
2021-06-18 02:49:43.770  INFO 21836 --- [    Test worker] o.s.t.web.servlet.TestDispatcherServlet  : Initializing Servlet ''
2021-06-18 02:49:43.782  INFO 21836 --- [    Test worker] o.s.t.web.servlet.TestDispatcherServlet  : Completed initialization in 12 ms
2021-06-18 02:49:43.793  INFO 21836 --- [    Test worker] c.wscrg.springboot.HelloControllerTest   : Started HelloControllerTest in 0.839 seconds (JVM running for 9.105)
]]></system-out>
  <system-err><![CDATA[]]></system-err>
</testsuite>
