<?xml version="1.0" encoding="UTF-8"?>
<testsuite name="com.wscrg.springboot.domain.posts.PostsRepositoryTest" tests="2" skipped="0" failures="0" errors="0" timestamp="2021-06-17T19:51:35" hostname="LAPTOP-WSCRG" time="0.317">
  <properties/>
  <testcase name="게시글저장_불러오기" classname="com.wscrg.springboot.domain.posts.PostsRepositoryTest" time="0.295"/>
  <testcase name="BaseTimeEntity_등록" classname="com.wscrg.springboot.domain.posts.PostsRepositoryTest" time="0.02"/>
  <system-out><![CDATA[04:51:29.121 [Test worker] DEBUG org.springframework.test.annotation.ProfileValueUtils - Retrieved @ProfileValueSourceConfiguration [null] for test class [com.wscrg.springboot.domain.posts.PostsRepositoryTest]
04:51:29.121 [Test worker] DEBUG org.springframework.test.annotation.ProfileValueUtils - Retrieved ProfileValueSource type [class org.springframework.test.annotation.SystemProfileValueSource] for class [com.wscrg.springboot.domain.posts.PostsRepositoryTest]
04:51:29.122 [Test worker] DEBUG org.springframework.test.annotation.ProfileValueUtils - Retrieved @ProfileValueSourceConfiguration [null] for test class [com.wscrg.springboot.domain.posts.PostsRepositoryTest]
04:51:29.122 [Test worker] DEBUG org.springframework.test.annotation.ProfileValueUtils - Retrieved ProfileValueSource type [class org.springframework.test.annotation.SystemProfileValueSource] for class [com.wscrg.springboot.domain.posts.PostsRepositoryTest]
04:51:29.127 [Test worker] DEBUG org.springframework.test.context.support.AbstractDirtiesContextTestExecutionListener - Before test class: context [DefaultTestContext@5ef4e38f testClass = PostsRepositoryTest, testInstance = [null], testMethod = [null], testException = [null], mergedContextConfiguration = [WebMergedContextConfiguration@36cef190 testClass = PostsRepositoryTest, locations = '{}', classes = '{class com.wscrg.springboot.Application}', contextInitializerClasses = '[]', activeProfiles = '{}', propertySourceLocations = '{}', propertySourceProperties = '{org.springframework.boot.test.context.SpringBootTestContextBootstrapper=true}', contextCustomizers = set[org.springframework.boot.test.autoconfigure.properties.PropertyMappingContextCustomizer@0, org.springframework.boot.test.autoconfigure.web.servlet.WebDriverContextCustomizerFactory$Customizer@452d7730, org.springframework.boot.test.context.filter.ExcludeFilterContextCustomizer@60edd674, org.springframework.boot.test.json.DuplicateJsonObjectContextCustomizerFactory$DuplicateJsonObjectContextCustomizer@3d8f3064, org.springframework.boot.test.mock.mockito.MockitoContextCustomizer@0, org.springframework.boot.test.web.client.TestRestTemplateContextCustomizer@76511bba], resourceBasePath = 'src/main/webapp', contextLoader = 'org.springframework.boot.test.context.SpringBootContextLoader', parent = [null]], attributes = map['org.springframework.test.context.web.ServletTestExecutionListener.activateListener' -> true]], class annotated with @DirtiesContext [false] with mode [null].
04:51:29.130 [Test worker] DEBUG org.springframework.test.annotation.ProfileValueUtils - Retrieved @ProfileValueSourceConfiguration [null] for test class [com.wscrg.springboot.domain.posts.PostsRepositoryTest]
04:51:29.130 [Test worker] DEBUG org.springframework.test.annotation.ProfileValueUtils - Retrieved ProfileValueSource type [class org.springframework.test.annotation.SystemProfileValueSource] for class [com.wscrg.springboot.domain.posts.PostsRepositoryTest]
04:51:29.157 [Test worker] DEBUG org.springframework.test.context.support.TestPropertySourceUtils - Adding inlined properties to environment: {spring.jmx.enabled=false, org.springframework.boot.test.context.SpringBootTestContextBootstrapper=true, server.port=-1}

  .   ____          _            __ _ _
 /\\ / ___'_ __ _ _(_)_ __  __ _ \ \ \ \
( ( )\___ | '_ | '_| | '_ \/ _` | \ \ \ \
 \\/  ___)| |_)| | | | | || (_| |  ) ) ) )
  '  |____| .__|_| |_|_| |_\__, | / / / /
 =========|_|==============|___/=/_/_/_/
 :: Spring Boot ::        (v2.2.0.RELEASE)

2021-06-18 04:51:29.569  INFO 17844 --- [    Test worker] c.w.s.domain.posts.PostsRepositoryTest   : Starting PostsRepositoryTest on LAPTOP-WSCRG with PID 17844 (started by jo290 in E:\learn-spring-boot)
2021-06-18 04:51:29.571  INFO 17844 --- [    Test worker] c.w.s.domain.posts.PostsRepositoryTest   : The following profiles are active: oauth
2021-06-18 04:51:30.488  INFO 17844 --- [    Test worker] .s.d.r.c.RepositoryConfigurationDelegate : Bootstrapping Spring Data repositories in DEFAULT mode.
2021-06-18 04:51:30.580  INFO 17844 --- [    Test worker] .s.d.r.c.RepositoryConfigurationDelegate : Finished Spring Data repository scanning in 82ms. Found 2 repository interfaces.
2021-06-18 04:51:31.105  INFO 17844 --- [    Test worker] trationDelegate$BeanPostProcessorChecker : Bean 'org.springframework.transaction.annotation.ProxyTransactionManagementConfiguration' of type [org.springframework.transaction.annotation.ProxyTransactionManagementConfiguration] is not eligible for getting processed by all BeanPostProcessors (for example: not eligible for auto-proxying)
2021-06-18 04:51:31.325  INFO 17844 --- [    Test worker] com.zaxxer.hikari.HikariDataSource       : HikariPool-1 - Starting...
2021-06-18 04:51:31.519  INFO 17844 --- [    Test worker] com.zaxxer.hikari.HikariDataSource       : HikariPool-1 - Start completed.
2021-06-18 04:51:31.597  INFO 17844 --- [    Test worker] o.hibernate.jpa.internal.util.LogHelper  : HHH000204: Processing PersistenceUnitInfo [name: default]
2021-06-18 04:51:31.689  INFO 17844 --- [    Test worker] org.hibernate.Version                    : HHH000412: Hibernate Core {5.4.6.Final}
2021-06-18 04:51:31.887  INFO 17844 --- [    Test worker] o.hibernate.annotations.common.Version   : HCANN000001: Hibernate Commons Annotations {5.1.0.Final}
2021-06-18 04:51:32.024  INFO 17844 --- [    Test worker] org.hibernate.dialect.Dialect            : HHH000400: Using dialect: org.hibernate.dialect.MySQL5InnoDBDialect
Hibernate: drop table if exists posts
Hibernate: drop table if exists user
Hibernate: create table posts (id bigint not null auto_increment, created_date datetime, modified_date datetime, author varchar(255), content TEXT not null, title varchar(500) not null, primary key (id)) engine=InnoDB
Hibernate: create table user (id bigint not null auto_increment, created_date datetime, modified_date datetime, email varchar(255) not null, name varchar(255) not null, picture varchar(255), role varchar(255) not null, primary key (id)) engine=InnoDB
2021-06-18 04:51:32.850  INFO 17844 --- [    Test worker] o.h.e.t.j.p.i.JtaPlatformInitiator       : HHH000490: Using JtaPlatform implementation: [org.hibernate.engine.transaction.jta.platform.internal.NoJtaPlatform]
2021-06-18 04:51:32.857  INFO 17844 --- [    Test worker] j.LocalContainerEntityManagerFactoryBean : Initialized JPA EntityManagerFactory for persistence unit 'default'
2021-06-18 04:51:33.413  WARN 17844 --- [    Test worker] JpaBaseConfiguration$JpaWebConfiguration : spring.jpa.open-in-view is enabled by default. Therefore, database queries may be performed during view rendering. Explicitly configure spring.jpa.open-in-view to disable this warning
2021-06-18 04:51:34.000  INFO 17844 --- [    Test worker] o.s.s.web.DefaultSecurityFilterChain     : Creating filter chain: any request, [org.springframework.security.web.context.request.async.WebAsyncManagerIntegrationFilter@7ecaba8b, org.springframework.security.web.context.SecurityContextPersistenceFilter@664a35d0, org.springframework.security.web.header.HeaderWriterFilter@161d8c44, org.springframework.security.web.authentication.logout.LogoutFilter@3feb1b5d, org.springframework.security.oauth2.client.web.OAuth2AuthorizationRequestRedirectFilter@5cf94bf7, org.springframework.security.oauth2.client.web.OAuth2LoginAuthenticationFilter@1fd44099, org.springframework.security.web.authentication.ui.DefaultLoginPageGeneratingFilter@4b73b7ac, org.springframework.security.web.authentication.ui.DefaultLogoutPageGeneratingFilter@554da17d, org.springframework.security.web.savedrequest.RequestCacheAwareFilter@7875d067, org.springframework.security.web.servletapi.SecurityContextHolderAwareRequestFilter@4fdbe750, org.springframework.security.web.authentication.AnonymousAuthenticationFilter@2648af43, org.springframework.security.web.session.SessionManagementFilter@5c236202, org.springframework.security.web.access.ExceptionTranslationFilter@29ba85ff, org.springframework.security.web.access.intercept.FilterSecurityInterceptor@5bd3e177]
2021-06-18 04:51:34.465  INFO 17844 --- [    Test worker] o.s.s.concurrent.ThreadPoolTaskExecutor  : Initializing ExecutorService 'applicationTaskExecutor'
2021-06-18 04:51:34.587  INFO 17844 --- [    Test worker] o.s.b.a.w.s.WelcomePageHandlerMapping    : Adding welcome page template: index
2021-06-18 04:51:34.806  INFO 17844 --- [    Test worker] o.s.b.a.h2.H2ConsoleAutoConfiguration    : H2 console available at '/h2-console'. Database available at 'jdbc:h2:mem:testdb'
2021-06-18 04:51:35.030  INFO 17844 --- [    Test worker] s.a.ScheduledAnnotationBeanPostProcessor : No TaskScheduler/ScheduledExecutorService bean found for scheduled processing
2021-06-18 04:51:35.040  INFO 17844 --- [    Test worker] c.w.s.domain.posts.PostsRepositoryTest   : Started PostsRepositoryTest in 5.862 seconds (JVM running for 7.836)
Hibernate: insert into posts (created_date, modified_date, author, content, title) values (?, ?, ?, ?, ?)
Hibernate: select posts0_.id as id1_0_, posts0_.created_date as created_2_0_, posts0_.modified_date as modified3_0_, posts0_.author as author4_0_, posts0_.content as content5_0_, posts0_.title as title6_0_ from posts posts0_
Hibernate: select posts0_.id as id1_0_, posts0_.created_date as created_2_0_, posts0_.modified_date as modified3_0_, posts0_.author as author4_0_, posts0_.content as content5_0_, posts0_.title as title6_0_ from posts posts0_
Hibernate: delete from posts where id=?
Hibernate: insert into posts (created_date, modified_date, author, content, title) values (?, ?, ?, ?, ?)
Hibernate: select posts0_.id as id1_0_, posts0_.created_date as created_2_0_, posts0_.modified_date as modified3_0_, posts0_.author as author4_0_, posts0_.content as content5_0_, posts0_.title as title6_0_ from posts posts0_
>>>>>>>>>> createdDate2021-06-18T04:51:35.362490, modifiedDate=2021-06-18T04:51:35.362490
Hibernate: select posts0_.id as id1_0_, posts0_.created_date as created_2_0_, posts0_.modified_date as modified3_0_, posts0_.author as author4_0_, posts0_.content as content5_0_, posts0_.title as title6_0_ from posts posts0_
Hibernate: delete from posts where id=?
]]></system-out>
  <system-err><![CDATA[]]></system-err>
</testsuite>
