<?xml version="1.0" encoding="UTF-8"?>
<testsuite name="com.wscrg.springboot.domain.posts.PostsRepositoryTest" tests="2" skipped="0" failures="0" errors="0" timestamp="2021-06-17T17:49:42" hostname="LAPTOP-WSCRG" time="0.331">
  <properties/>
  <testcase name="게시글저장_불러오기" classname="com.wscrg.springboot.domain.posts.PostsRepositoryTest" time="0.31"/>
  <testcase name="BaseTimeEntity_등록" classname="com.wscrg.springboot.domain.posts.PostsRepositoryTest" time="0.02"/>
  <system-out><![CDATA[02:49:36.605 [Test worker] DEBUG org.springframework.test.annotation.ProfileValueUtils - Retrieved @ProfileValueSourceConfiguration [null] for test class [com.wscrg.springboot.domain.posts.PostsRepositoryTest]
02:49:36.605 [Test worker] DEBUG org.springframework.test.annotation.ProfileValueUtils - Retrieved ProfileValueSource type [class org.springframework.test.annotation.SystemProfileValueSource] for class [com.wscrg.springboot.domain.posts.PostsRepositoryTest]
02:49:36.606 [Test worker] DEBUG org.springframework.test.annotation.ProfileValueUtils - Retrieved @ProfileValueSourceConfiguration [null] for test class [com.wscrg.springboot.domain.posts.PostsRepositoryTest]
02:49:36.607 [Test worker] DEBUG org.springframework.test.annotation.ProfileValueUtils - Retrieved ProfileValueSource type [class org.springframework.test.annotation.SystemProfileValueSource] for class [com.wscrg.springboot.domain.posts.PostsRepositoryTest]
02:49:36.613 [Test worker] DEBUG org.springframework.test.context.support.AbstractDirtiesContextTestExecutionListener - Before test class: context [DefaultTestContext@27ea3c5d testClass = PostsRepositoryTest, testInstance = [null], testMethod = [null], testException = [null], mergedContextConfiguration = [WebMergedContextConfiguration@441418e testClass = PostsRepositoryTest, locations = '{}', classes = '{class com.wscrg.springboot.Application}', contextInitializerClasses = '[]', activeProfiles = '{}', propertySourceLocations = '{}', propertySourceProperties = '{org.springframework.boot.test.context.SpringBootTestContextBootstrapper=true}', contextCustomizers = set[org.springframework.boot.test.autoconfigure.properties.PropertyMappingContextCustomizer@0, org.springframework.boot.test.autoconfigure.web.servlet.WebDriverContextCustomizerFactory$Customizer@30ce4b93, org.springframework.boot.test.context.filter.ExcludeFilterContextCustomizer@374f2f7d, org.springframework.boot.test.json.DuplicateJsonObjectContextCustomizerFactory$DuplicateJsonObjectContextCustomizer@6eb8c4d2, org.springframework.boot.test.mock.mockito.MockitoContextCustomizer@0, org.springframework.boot.test.web.client.TestRestTemplateContextCustomizer@3484cbf], resourceBasePath = 'src/main/webapp', contextLoader = 'org.springframework.boot.test.context.SpringBootContextLoader', parent = [null]], attributes = map['org.springframework.test.context.web.ServletTestExecutionListener.activateListener' -> true]], class annotated with @DirtiesContext [false] with mode [null].
02:49:36.616 [Test worker] DEBUG org.springframework.test.annotation.ProfileValueUtils - Retrieved @ProfileValueSourceConfiguration [null] for test class [com.wscrg.springboot.domain.posts.PostsRepositoryTest]
02:49:36.617 [Test worker] DEBUG org.springframework.test.annotation.ProfileValueUtils - Retrieved ProfileValueSource type [class org.springframework.test.annotation.SystemProfileValueSource] for class [com.wscrg.springboot.domain.posts.PostsRepositoryTest]
02:49:36.644 [Test worker] DEBUG org.springframework.test.context.support.TestPropertySourceUtils - Adding inlined properties to environment: {spring.jmx.enabled=false, org.springframework.boot.test.context.SpringBootTestContextBootstrapper=true, server.port=-1}

  .   ____          _            __ _ _
 /\\ / ___'_ __ _ _(_)_ __  __ _ \ \ \ \
( ( )\___ | '_ | '_| | '_ \/ _` | \ \ \ \
 \\/  ___)| |_)| | | | | || (_| |  ) ) ) )
  '  |____| .__|_| |_|_| |_\__, | / / / /
 =========|_|==============|___/=/_/_/_/
 :: Spring Boot ::        (v2.2.0.RELEASE)

2021-06-18 02:49:37.000  INFO 21836 --- [    Test worker] c.w.s.domain.posts.PostsRepositoryTest   : Starting PostsRepositoryTest on LAPTOP-WSCRG with PID 21836 (started by jo290 in E:\learn-spring-boot)
2021-06-18 02:49:37.009  INFO 21836 --- [    Test worker] c.w.s.domain.posts.PostsRepositoryTest   : The following profiles are active: oauth
2021-06-18 02:49:37.902  INFO 21836 --- [    Test worker] .s.d.r.c.RepositoryConfigurationDelegate : Bootstrapping Spring Data repositories in DEFAULT mode.
2021-06-18 02:49:37.985  INFO 21836 --- [    Test worker] .s.d.r.c.RepositoryConfigurationDelegate : Finished Spring Data repository scanning in 75ms. Found 2 repository interfaces.
2021-06-18 02:49:38.514  INFO 21836 --- [    Test worker] trationDelegate$BeanPostProcessorChecker : Bean 'org.springframework.transaction.annotation.ProxyTransactionManagementConfiguration' of type [org.springframework.transaction.annotation.ProxyTransactionManagementConfiguration] is not eligible for getting processed by all BeanPostProcessors (for example: not eligible for auto-proxying)
2021-06-18 02:49:38.731  INFO 21836 --- [    Test worker] com.zaxxer.hikari.HikariDataSource       : HikariPool-1 - Starting...
2021-06-18 02:49:38.943  INFO 21836 --- [    Test worker] com.zaxxer.hikari.HikariDataSource       : HikariPool-1 - Start completed.
2021-06-18 02:49:39.050  INFO 21836 --- [    Test worker] o.hibernate.jpa.internal.util.LogHelper  : HHH000204: Processing PersistenceUnitInfo [name: default]
2021-06-18 02:49:39.143  INFO 21836 --- [    Test worker] org.hibernate.Version                    : HHH000412: Hibernate Core {5.4.6.Final}
2021-06-18 02:49:39.332  INFO 21836 --- [    Test worker] o.hibernate.annotations.common.Version   : HCANN000001: Hibernate Commons Annotations {5.1.0.Final}
2021-06-18 02:49:39.481  INFO 21836 --- [    Test worker] org.hibernate.dialect.Dialect            : HHH000400: Using dialect: org.hibernate.dialect.MySQL5InnoDBDialect
Hibernate: drop table if exists posts
Hibernate: drop table if exists user
Hibernate: create table posts (id bigint not null auto_increment, created_date datetime, modified_date datetime, author varchar(255), content TEXT not null, title varchar(500) not null, primary key (id)) engine=InnoDB
Hibernate: create table user (id bigint not null auto_increment, created_date datetime, modified_date datetime, email varchar(255) not null, name varchar(255) not null, picture varchar(255), role varchar(255) not null, primary key (id)) engine=InnoDB
2021-06-18 02:49:40.326  INFO 21836 --- [    Test worker] o.h.e.t.j.p.i.JtaPlatformInitiator       : HHH000490: Using JtaPlatform implementation: [org.hibernate.engine.transaction.jta.platform.internal.NoJtaPlatform]
2021-06-18 02:49:40.332  INFO 21836 --- [    Test worker] j.LocalContainerEntityManagerFactoryBean : Initialized JPA EntityManagerFactory for persistence unit 'default'
2021-06-18 02:49:40.858  WARN 21836 --- [    Test worker] JpaBaseConfiguration$JpaWebConfiguration : spring.jpa.open-in-view is enabled by default. Therefore, database queries may be performed during view rendering. Explicitly configure spring.jpa.open-in-view to disable this warning
2021-06-18 02:49:41.451  INFO 21836 --- [    Test worker] o.s.s.web.DefaultSecurityFilterChain     : Creating filter chain: any request, [org.springframework.security.web.context.request.async.WebAsyncManagerIntegrationFilter@58febe5a, org.springframework.security.web.context.SecurityContextPersistenceFilter@28a5f803, org.springframework.security.web.header.HeaderWriterFilter@56c43bfa, org.springframework.security.web.authentication.logout.LogoutFilter@4735841d, org.springframework.security.oauth2.client.web.OAuth2AuthorizationRequestRedirectFilter@485d07f9, org.springframework.security.oauth2.client.web.OAuth2LoginAuthenticationFilter@7671776c, org.springframework.security.web.authentication.ui.DefaultLoginPageGeneratingFilter@7f8c54c7, org.springframework.security.web.authentication.ui.DefaultLogoutPageGeneratingFilter@421e424e, org.springframework.security.web.savedrequest.RequestCacheAwareFilter@3effe51f, org.springframework.security.web.servletapi.SecurityContextHolderAwareRequestFilter@5701ebe4, org.springframework.security.web.authentication.AnonymousAuthenticationFilter@3c64a89f, org.springframework.security.web.session.SessionManagementFilter@6d431ed1, org.springframework.security.web.access.ExceptionTranslationFilter@23a3c95b, org.springframework.security.web.access.intercept.FilterSecurityInterceptor@22005cd9]
2021-06-18 02:49:41.952  INFO 21836 --- [    Test worker] o.s.s.concurrent.ThreadPoolTaskExecutor  : Initializing ExecutorService 'applicationTaskExecutor'
2021-06-18 02:49:42.068  INFO 21836 --- [    Test worker] o.s.b.a.w.s.WelcomePageHandlerMapping    : Adding welcome page template: index
2021-06-18 02:49:42.353  INFO 21836 --- [    Test worker] o.s.b.a.h2.H2ConsoleAutoConfiguration    : H2 console available at '/h2-console'. Database available at 'jdbc:h2:mem:testdb'
2021-06-18 02:49:42.583  INFO 21836 --- [    Test worker] s.a.ScheduledAnnotationBeanPostProcessor : No TaskScheduler/ScheduledExecutorService bean found for scheduled processing
2021-06-18 02:49:42.592  INFO 21836 --- [    Test worker] c.w.s.domain.posts.PostsRepositoryTest   : Started PostsRepositoryTest in 5.923 seconds (JVM running for 7.904)
Hibernate: insert into posts (created_date, modified_date, author, content, title) values (?, ?, ?, ?, ?)
Hibernate: select posts0_.id as id1_0_, posts0_.created_date as created_2_0_, posts0_.modified_date as modified3_0_, posts0_.author as author4_0_, posts0_.content as content5_0_, posts0_.title as title6_0_ from posts posts0_
Hibernate: select posts0_.id as id1_0_, posts0_.created_date as created_2_0_, posts0_.modified_date as modified3_0_, posts0_.author as author4_0_, posts0_.content as content5_0_, posts0_.title as title6_0_ from posts posts0_
Hibernate: delete from posts where id=?
Hibernate: insert into posts (created_date, modified_date, author, content, title) values (?, ?, ?, ?, ?)
Hibernate: select posts0_.id as id1_0_, posts0_.created_date as created_2_0_, posts0_.modified_date as modified3_0_, posts0_.author as author4_0_, posts0_.content as content5_0_, posts0_.title as title6_0_ from posts posts0_
>>>>>>>>>> createdDate2021-06-18T02:49:42.930923, modifiedDate=2021-06-18T02:49:42.930923
Hibernate: select posts0_.id as id1_0_, posts0_.created_date as created_2_0_, posts0_.modified_date as modified3_0_, posts0_.author as author4_0_, posts0_.content as content5_0_, posts0_.title as title6_0_ from posts posts0_
Hibernate: delete from posts where id=?
]]></system-out>
  <system-err><![CDATA[]]></system-err>
</testsuite>
